2024-10-29 08:48:33 767  ———— ———— ———— ———— ———— ———— ————

2024-10-29 08:48:33 767  MQ2MQ模块开始
2024-10-29 08:48:33 768  本地RabbitMQ服务：IP：127.0.0.1，端口：5672，用户名：guest，密码：guest
2024-10-29 08:48:33 769  远端RabbitMQ服务：IP：222.92.213.132，端口：5672，用户名：chizhoujz，密码：slac1028
2024-10-29 08:48:33 817  本地RabbitMQ服务启动成功：消费的消息队列名称：guest_line100101_bak
2024-10-29 08:48:33 851  远端RabbitMQ服务启动成功：MQexchange：chizhoujz，路由键：line100101
2024-10-29 08:48:35 923  关闭本地RabbitMQ通道成功
2024-10-29 08:48:35 930  关闭本地RabbitMQ连接成功
2024-10-29 08:48:35 933  关闭远端RabbitMQ通道成功
2024-10-29 08:48:35 937  关闭远端RabbitMQ连接成功
2024-10-29 08:48:35 941  MQ2MQ线程关闭成功

2024-10-29 08:48:35 941  ———— ———— ———— ———— ———— ———— ————
2024-10-29 08:48:36 757  ———— ———— ———— ———— ———— ———— ————

2024-10-29 08:48:36 757  MQ2MQ模块开始
2024-10-29 08:48:36 757  本地RabbitMQ服务：IP：127.0.0.1，端口：5672，用户名：guest，密码：guest
2024-10-29 08:48:36 758  远端RabbitMQ服务：IP：222.92.213.132，端口：5672，用户名：chizhoujz，密码：slac1028
2024-10-29 08:48:36 779  本地RabbitMQ服务启动成功：消费的消息队列名称：guest_line100101_bak
2024-10-29 08:48:36 797  远端RabbitMQ服务启动成功：MQexchange：chizhoujz，路由键：line100101
2024-10-29 08:48:40 909  关闭本地RabbitMQ通道成功
2024-10-29 08:48:40 911  关闭本地RabbitMQ连接成功
2024-10-29 08:48:40 916  关闭远端RabbitMQ通道成功
2024-10-29 08:48:40 920  关闭远端RabbitMQ连接成功
2024-10-29 08:48:40 921  MQ2MQ线程关闭成功

2024-10-29 08:48:40 922  ———— ———— ———— ———— ———— ———— ————
2024-10-29 08:53:22 625  ———— ———— ———— ———— ———— ———— ————

2024-10-29 08:53:22 625  MQ2MQ模块开始
2024-10-29 08:53:22 627  本地RabbitMQ服务：IP：127.0.0.1，端口：5672，用户名：guest，密码：guest
2024-10-29 08:53:22 627  远端RabbitMQ服务：IP：222.92.213.132，端口：5672，用户名：chizhoujz，密码：slac1028
2024-10-29 08:53:22 681  本地RabbitMQ服务启动成功：消费的消息队列名称：guest_line100101_bak
2024-10-29 08:53:22 720  远端RabbitMQ服务启动成功：MQexchange：chizhoujz，路由键：line100101
2024-10-29 08:53:25 793  关闭本地RabbitMQ通道成功
2024-10-29 08:53:25 799  关闭本地RabbitMQ连接成功
2024-10-29 08:53:25 802  关闭远端RabbitMQ通道成功
2024-10-29 08:53:25 807  关闭远端RabbitMQ连接成功
2024-10-29 08:53:25 808  MQ2MQ模块结束
2024-10-29 08:53:25 811  MQ2MQ线程关闭成功

2024-10-29 08:53:25 811  ———— ———— ———— ———— ———— ———— ————
2024-10-29 08:53:26 772  ———— ———— ———— ———— ———— ———— ————

2024-10-29 08:53:26 772  MQ2MQ模块开始
2024-10-29 08:53:26 773  本地RabbitMQ服务：IP：127.0.0.1，端口：5672，用户名：guest，密码：guest
2024-10-29 08:53:26 773  远端RabbitMQ服务：IP：222.92.213.132，端口：5672，用户名：chizhoujz，密码：slac1028
2024-10-29 08:53:26 802  本地RabbitMQ服务启动成功：消费的消息队列名称：guest_line100101_bak
2024-10-29 08:53:26 821  远端RabbitMQ服务启动成功：MQexchange：chizhoujz，路由键：line100101
2024-10-29 08:53:28 861  关闭本地RabbitMQ通道成功
2024-10-29 08:53:28 863  关闭本地RabbitMQ连接成功
2024-10-29 08:53:28 866  关闭远端RabbitMQ通道成功
2024-10-29 08:53:28 870  关闭远端RabbitMQ连接成功
2024-10-29 08:53:28 870  MQ2MQ模块结束
2024-10-29 08:53:28 873  MQ2MQ线程关闭成功

2024-10-29 08:53:28 873  ———— ———— ———— ———— ———— ———— ————
