2024-10-28 15:56:11 497  ———— ———— ———— ———— ———— ———— ————

2024-10-28 15:56:11 497  ReceiveMQ模块开始
2024-10-28 15:56:11 498  RabbitMQ服务：IP：127.0.0.1，端口：5672，用户名：guest，密码：guest
2024-10-28 15:56:11 548  RabbitMQ服务启动成功：MQexchange：guest，消息队列名称：guest_line100101，路由键：line100101
2024-10-28 15:56:11 550  PLC连接UDP通讯成功：IP：127.0.0.1，端口：8080
2024-10-28 15:56:11 554  监听服务启动成功
2024-10-28 15:56:12 953  定时器监听关闭成功
2024-10-28 15:56:12 960  PLC连接UDP通讯关闭成功
2024-10-28 15:56:13 065  ReceiveMQ模块结束
2024-10-28 15:56:13 071  RabbitMQ通道关闭成功
2024-10-28 15:56:13 075  RabbitMQ连接关闭成功
2024-10-28 15:56:13 076  ReceiveMQ线程关闭成功

2024-10-28 15:56:13 076  ———— ———— ———— ———— ———— ———— ————
2024-10-28 15:56:14 572  ———— ———— ———— ———— ———— ———— ————

2024-10-28 15:56:14 572  ReceiveMQ模块开始
2024-10-28 15:56:14 573  RabbitMQ服务：IP：127.0.0.1，端口：5672，用户名：guest，密码：guest
2024-10-28 15:56:14 577  RabbitMQ服务启动成功：MQexchange：guest，消息队列名称：guest_line100101，路由键：line100101
2024-10-28 15:56:14 578  PLC连接UDP通讯成功：IP：127.0.0.1，端口：8080
2024-10-28 15:56:14 585  监听服务启动成功
2024-10-28 15:56:16 127  定时器监听关闭成功
2024-10-28 15:56:16 148  PLC连接UDP通讯关闭成功
2024-10-28 15:56:16 198  ReceiveMQ模块结束
2024-10-28 15:56:16 200  RabbitMQ通道关闭成功
2024-10-28 15:56:16 202  RabbitMQ连接关闭成功
2024-10-28 15:56:16 202  ReceiveMQ线程关闭成功

2024-10-28 15:56:16 202  ———— ———— ———— ———— ———— ———— ————
2024-10-28 16:34:26 423  ———— ———— ———— ———— ———— ———— ————

2024-10-28 16:34:26 424  ReceiveMQ模块开始
2024-10-28 16:34:26 446  监听服务启动成功
2024-10-28 16:34:26 547  ReceiveMQ模块结束
2024-10-28 16:34:58 937  ———— ———— ———— ———— ———— ———— ————

2024-10-28 16:34:58 947  ReceiveMQ模块开始
2024-10-28 16:34:58 959  监听服务启动成功
2024-10-28 16:34:59 060  ReceiveMQ模块结束
2024-10-28 16:36:30 568  ———— ———— ———— ———— ———— ———— ————

2024-10-28 16:36:30 569  ReceiveMQ模块开始
2024-10-28 16:36:30 592  监听服务启动成功
2024-10-28 16:36:30 693  ReceiveMQ模块结束
2024-10-28 16:36:51 875  定时器监听关闭成功
2024-10-28 16:36:51 875  PLC连接UDP通讯关闭成功
2024-10-28 16:36:51 876  ReceiveMQ线程关闭成功

2024-10-28 16:36:51 876  ———— ———— ———— ———— ———— ———— ————
2024-10-28 16:39:05 691  ———— ———— ———— ———— ———— ———— ————

2024-10-28 16:39:05 692  ReceiveMQ模块开始
2024-10-28 16:39:05 693  RabbitMQ服务：IP：127.0.0.1，端口：5672，用户名：guest，密码：guest
2024-10-28 16:39:05 744  RabbitMQ服务启动成功：MQexchange：guest，消息队列名称：guest_line100101，路由键：line100101
2024-10-28 16:39:05 746  PLC连接UDP通讯成功：IP：127.0.0.1，端口：8080
2024-10-28 16:39:05 748  监听服务启动成功
2024-10-28 16:39:09 810  定时器监听关闭成功
2024-10-28 16:39:09 833  PLC连接UDP通讯关闭成功
2024-10-28 16:39:09 871  ReceiveMQ模块结束
2024-10-28 16:39:09 877  RabbitMQ通道关闭成功
2024-10-28 16:39:09 881  RabbitMQ连接关闭成功
2024-10-28 16:39:09 881  ReceiveMQ线程关闭成功

2024-10-28 16:39:09 882  ———— ———— ———— ———— ———— ———— ————
