2024-10-29 13:44:53 192  ———— ———— ———— ———— ———— ———— ————

2024-10-29 13:44:53 192  MQ2CH服务开始启动
2024-10-29 13:44:53 705  Redis连接池实例化成功
2024-10-29 13:44:53 723  RabbitMQ服务：IP：127.0.0.1，端口：5672，用户名：guest，密码：guest
2024-10-29 13:44:53 733  RabbitMQ服务消费消息队列名称：guest_line100105
2024-10-29 13:44:53 735  RabbitMQ服务启动成功
2024-10-29 13:44:53 743  RabbitMQ消费者订阅接收事件，订阅成功
2024-10-29 13:44:58 421  RabbitMQ服务消费消息队列关闭成功
2024-10-29 13:44:58 421  RabbitMQ服务上传bak备份消息队列关闭成功
2024-10-29 13:44:58 423  RabbitMQ服务关闭成功
2024-10-29 13:44:58 425  MQ2CH关闭Redis服务成功
2024-10-29 13:44:58 425  MQ2CH关闭ClickHouse服务成功
2024-10-29 13:44:58 427  MQ2CH线程已关闭

2024-10-29 13:44:58 428  ———— ———— ———— ———— ———— ———— ————
2024-10-29 13:50:42 043  ———— ———— ———— ———— ———— ———— ————

2024-10-29 13:50:42 044  MQ2CH服务开始启动
2024-10-29 13:50:42 582  读取sqlite数据文件(System.Data.Sql.db)成功
2024-10-29 13:50:42 599  Redis连接池实例化成功
2024-10-29 13:50:42 612  RabbitMQ服务：IP：127.0.0.1，端口：5672，用户名：guest，密码：guest
2024-10-29 13:50:42 657  RabbitMQ服务消费消息队列名称：guest_line100105
2024-10-29 13:50:42 660  RabbitMQ服务启动成功
2024-10-29 13:50:42 664  RabbitMQ消费者订阅接收事件，订阅成功
2024-10-29 13:53:07 443  关闭前上传ClickHouse数据库成功
2024-10-29 13:53:07 447  RabbitMQ服务消费消息队列关闭成功
2024-10-29 13:53:07 448  RabbitMQ服务上传bak备份消息队列关闭成功
2024-10-29 13:53:07 452  RabbitMQ服务关闭成功
2024-10-29 13:53:07 454  MQ2CH关闭Redis服务成功
2024-10-29 13:53:07 454  MQ2CH关闭ClickHouse服务成功
2024-10-29 13:53:07 457  MQ2CH线程已关闭

2024-10-29 13:53:07 457  ———— ———— ———— ———— ———— ———— ————
